<?xml version="1.0" encoding="UTF-8"?>
<!-- Generated by org.testng.reporters.JUnitXMLReporter -->
<testsuite ignored="0" hostname="DESKTOP-G5RB1P7" failures="0" tests="3" name="Default test" time="13.117" errors="0" timestamp="2026-01-03T17:07:34 IST">
  <testcase classname="tests.LoginTests" name="invalidLoginTest" time="1.965"/>
  <testcase classname="tests.LoginTests" name="loginWithoutPasswordTest" time="1.482"/>
  <testcase classname="tests.LoginTests" name="validLoginTest" time="1.822"/>
</testsuite> <!-- Default test -->
