<?xml version="1.0" encoding="UTF-8"?>
<!-- Generated by org.testng.reporters.JUnitXMLReporter -->
<testsuite ignored="0" hostname="DESKTOP-G5RB1P7" failures="0" tests="4" name="FirefoxTests" time="15.935" errors="0" timestamp="2025-12-29T16:50:39 IST">
  <testcase classname="tests.SearchValidProductTest" name="searchValidProduct" time="0.0">
    <skipped/>
  </testcase> <!-- searchValidProduct -->
  <testcase classname="tests.SearchInvalidProductTest" name="searchInvalidProduct" time="0.0">
    <skipped/>
  </testcase> <!-- searchInvalidProduct -->
  <testcase classname="tests.AddProductToCartTest" name="addProductToCart" time="0.0">
    <skipped/>
  </testcase> <!-- addProductToCart -->
  <testcase classname="tests.AddProductToWishlistTest" name="addProductToWishlist" time="0.0">
    <skipped/>
  </testcase> <!-- addProductToWishlist -->
</testsuite> <!-- FirefoxTests -->
