<?xml version="1.0" encoding="UTF-8"?>
<!-- Generated by org.testng.reporters.JUnitXMLReporter -->
<testsuite ignored="0" hostname="DESKTOP-G5RB1P7" failures="1" tests="10" name="Test" time="73.15" errors="0" timestamp="2026-01-03T15:32:14 IST">
  <testcase classname="tests.SearchValidProductTest" name="searchValidProduct" time="1.473"/>
  <testcase classname="tests.LoginTests" name="invalidLoginTest" time="1.638"/>
  <testcase classname="tests.LoginTests" name="loginWithoutPasswordTest" time="1.39"/>
  <testcase classname="tests.LoginTests" name="validLoginTest" time="1.239"/>
  <testcase classname="tests.SearchInvalidProductTest" name="searchInvalidProduct" time="11.718"/>
  <testcase classname="tests.AddProductToCartTest" name="addProductToCart" time="4.056"/>
  <testcase classname="tests.AddProductToWishlistTest" name="addProductToWishlist" time="13.491">
    <failure type="java.lang.AssertionError" message="Wishlist message not displayed correctly expected [true] but found [false]">
      <![CDATA[java.lang.AssertionError: Wishlist message not displayed correctly expected [true] but found [false]
at tests.AddProductToWishlistTest.addProductToWishlist(AddProductToWishlistTest.java:21)
at java.base/java.util.ArrayList.forEach(ArrayList.java:1511)
... Removed 30 stack frames]]>
    </failure>
  </testcase> <!-- addProductToWishlist -->
  <testcase classname="tests.LoginTestsDD" name="loginTest" time="11.894"/>
  <testcase classname="tests.LoginTestsDD" name="loginTest" time="1.097"/>
  <testcase classname="tests.LoginTestsDD" name="loginTest" time="0.96"/>
</testsuite> <!-- Test -->
