<html>
<head>
<title>TestNG:  Test</title>
<link href="../testng.css" rel="stylesheet" type="text/css" />
<link href="../my-testng.css" rel="stylesheet" type="text/css" />

<style type="text/css">
.log { display: none;} 
.stack-trace { display: none;} 
</style>
<script type="text/javascript">
<!--
function flip(e) {
  current = e.style.display;
  if (current == 'block') {
    e.style.display = 'none';
    return 0;
  }
  else {
    e.style.display = 'block';
    return 1;
  }
}

function toggleBox(szDivId, elem, msg1, msg2)
{
  var res = -1;  if (document.getElementById) {
    res = flip(document.getElementById(szDivId));
  }
  else if (document.all) {
    // this is the way old msie versions work
    res = flip(document.all[szDivId]);
  }
  if(elem) {
    if(res == 0) elem.innerHTML = msg1; else elem.innerHTML = msg2;
  }

}

function toggleAllBoxes() {
  if (document.getElementsByTagName) {
    d = document.getElementsByTagName('div');
    for (i = 0; i < d.length; i++) {
      if (d[i].className == 'log') {
        flip(d[i]);
      }
    }
  }
}

// -->
</script>

</head>
<body>
<h2 align='center'>Test</h2><table border='1' align="center">
<tr>
<td>Tests passed/Failed/Skipped:</td><td>8/2/0</td>
</tr><tr>
<td>Started on:</td><td>Sat Jan 03 16:54:13 IST 2026</td>
</tr>
<tr><td>Total time:</td><td>74 seconds (74798 ms)</td>
</tr><tr>
<td>Included groups:</td><td></td>
</tr><tr>
<td>Excluded groups:</td><td></td>
</tr>
</table><p/>
<small><i>(Hover the method name to see the test class name)</i></small><p/>
<table width='100%' border='1' class='invocation-failed'>
<tr><td colspan='4' align='center'><b>FAILED TESTS</b></td></tr>
<tr><td><b>Test method</b></td>
<td><b>Attribute(s)</b></td>
<td width="30%"><b>Exception</b></td>
<td width="10%"><b>Time (seconds)</b></td>
<td><b>Instance</b></td>
</tr>
<tr>
<td title='tests.AddProductToWishlistTest.addProductToWishlist()'><b>addProductToWishlist</b><br>Test class: tests.AddProductToWishlistTest</td>
<td><div><pre>java.lang.AssertionError: Wishlist message not displayed correctly expected [true] but found [false]
	at tests.AddProductToWishlistTest.addProductToWishlist(AddProductToWishlistTest.java:21)
	at java.base/java.util.ArrayList.forEach(ArrayList.java:1596)
... Removed 32 stack frames</pre></div><a href='#' onClick='toggleBox("stack-trace192486017", this, "Click to show all stack frames", "Click to hide stack frames")'>Click to show all stack frames</a>
<div class='stack-trace' id='stack-trace192486017'><pre>java.lang.AssertionError: Wishlist message not displayed correctly expected [true] but found [false]
	at org.testng.Assert.fail(Assert.java:111)
	at org.testng.Assert.failNotEquals(Assert.java:1578)
	at org.testng.Assert.assertTrue(Assert.java:57)
	at tests.AddProductToWishlistTest.addProductToWishlist(AddProductToWishlistTest.java:21)
	at java.base/jdk.internal.reflect.DirectMethodHandleAccessor.invoke(DirectMethodHandleAccessor.java:103)
	at java.base/java.lang.reflect.Method.invoke(Method.java:580)
	at org.testng.internal.invokers.MethodInvocationHelper.invokeMethod(MethodInvocationHelper.java:141)
	at org.testng.internal.invokers.TestInvoker.invokeMethod(TestInvoker.java:686)
	at org.testng.internal.invokers.TestInvoker.invokeTestMethod(TestInvoker.java:230)
	at org.testng.internal.invokers.MethodRunner.runInSequence(MethodRunner.java:63)
	at org.testng.internal.invokers.TestInvoker$MethodInvocationAgent.invoke(TestInvoker.java:992)
	at org.testng.internal.invokers.TestInvoker.invokeTestMethods(TestInvoker.java:203)
	at org.testng.internal.invokers.TestMethodWorker.invokeTestMethods(TestMethodWorker.java:154)
	at org.testng.internal.invokers.TestMethodWorker.run(TestMethodWorker.java:134)
	at java.base/java.util.ArrayList.forEach(ArrayList.java:1596)
	at org.testng.TestRunner.privateRun(TestRunner.java:739)
	at org.testng.TestRunner.run(TestRunner.java:614)
	at org.testng.SuiteRunner.runTest(SuiteRunner.java:421)
	at org.testng.SuiteRunner.runSequentially(SuiteRunner.java:413)
	at org.testng.SuiteRunner.privateRun(SuiteRunner.java:373)
	at org.testng.SuiteRunner.run(SuiteRunner.java:312)
	at org.testng.SuiteRunnerWorker.runSuite(SuiteRunnerWorker.java:52)
	at org.testng.SuiteRunnerWorker.run(SuiteRunnerWorker.java:95)
	at org.testng.TestNG.runSuitesSequentially(TestNG.java:1274)
	at org.testng.TestNG.runSuitesLocally(TestNG.java:1208)
	at org.testng.TestNG.runSuites(TestNG.java:1112)
	at org.testng.TestNG.run(TestNG.java:1079)
	at org.apache.maven.surefire.testng.TestNGExecutor.run(TestNGExecutor.java:308)
	at org.apache.maven.surefire.testng.TestNGXmlTestSuite.execute(TestNGXmlTestSuite.java:71)
	at org.apache.maven.surefire.testng.TestNGProvider.invoke(TestNGProvider.java:113)
	at org.apache.maven.surefire.booter.ForkedBooter.runSuitesInProcess(ForkedBooter.java:385)
	at org.apache.maven.surefire.booter.ForkedBooter.execute(ForkedBooter.java:162)
	at org.apache.maven.surefire.booter.ForkedBooter.run(ForkedBooter.java:507)
	at org.apache.maven.surefire.booter.ForkedBooter.main(ForkedBooter.java:495)
</pre></div></td>
<td>13</td>
<td>tests.AddProductToWishlistTest@7dfb0c0f</td></tr>
<tr>
<td title='tests.LoginTests.validLoginTest()'><b>validLoginTest</b><br>Test class: tests.LoginTests</td>
<td><div><pre>java.lang.AssertionError: User should be redirected to My Account page expected [true] but found [false]
	at tests.LoginTests.validLoginTest(LoginTests.java:28)
	at java.base/java.util.ArrayList.forEach(ArrayList.java:1596)
... Removed 32 stack frames</pre></div><a href='#' onClick='toggleBox("stack-trace1345648093", this, "Click to show all stack frames", "Click to hide stack frames")'>Click to show all stack frames</a>
<div class='stack-trace' id='stack-trace1345648093'><pre>java.lang.AssertionError: User should be redirected to My Account page expected [true] but found [false]
	at org.testng.Assert.fail(Assert.java:111)
	at org.testng.Assert.failNotEquals(Assert.java:1578)
	at org.testng.Assert.assertTrue(Assert.java:57)
	at tests.LoginTests.validLoginTest(LoginTests.java:28)
	at java.base/jdk.internal.reflect.DirectMethodHandleAccessor.invoke(DirectMethodHandleAccessor.java:103)
	at java.base/java.lang.reflect.Method.invoke(Method.java:580)
	at org.testng.internal.invokers.MethodInvocationHelper.invokeMethod(MethodInvocationHelper.java:141)
	at org.testng.internal.invokers.TestInvoker.invokeMethod(TestInvoker.java:686)
	at org.testng.internal.invokers.TestInvoker.invokeTestMethod(TestInvoker.java:230)
	at org.testng.internal.invokers.MethodRunner.runInSequence(MethodRunner.java:63)
	at org.testng.internal.invokers.TestInvoker$MethodInvocationAgent.invoke(TestInvoker.java:992)
	at org.testng.internal.invokers.TestInvoker.invokeTestMethods(TestInvoker.java:203)
	at org.testng.internal.invokers.TestMethodWorker.invokeTestMethods(TestMethodWorker.java:154)
	at org.testng.internal.invokers.TestMethodWorker.run(TestMethodWorker.java:134)
	at java.base/java.util.ArrayList.forEach(ArrayList.java:1596)
	at org.testng.TestRunner.privateRun(TestRunner.java:739)
	at org.testng.TestRunner.run(TestRunner.java:614)
	at org.testng.SuiteRunner.runTest(SuiteRunner.java:421)
	at org.testng.SuiteRunner.runSequentially(SuiteRunner.java:413)
	at org.testng.SuiteRunner.privateRun(SuiteRunner.java:373)
	at org.testng.SuiteRunner.run(SuiteRunner.java:312)
	at org.testng.SuiteRunnerWorker.runSuite(SuiteRunnerWorker.java:52)
	at org.testng.SuiteRunnerWorker.run(SuiteRunnerWorker.java:95)
	at org.testng.TestNG.runSuitesSequentially(TestNG.java:1274)
	at org.testng.TestNG.runSuitesLocally(TestNG.java:1208)
	at org.testng.TestNG.runSuites(TestNG.java:1112)
	at org.testng.TestNG.run(TestNG.java:1079)
	at org.apache.maven.surefire.testng.TestNGExecutor.run(TestNGExecutor.java:308)
	at org.apache.maven.surefire.testng.TestNGXmlTestSuite.execute(TestNGXmlTestSuite.java:71)
	at org.apache.maven.surefire.testng.TestNGProvider.invoke(TestNGProvider.java:113)
	at org.apache.maven.surefire.booter.ForkedBooter.runSuitesInProcess(ForkedBooter.java:385)
	at org.apache.maven.surefire.booter.ForkedBooter.execute(ForkedBooter.java:162)
	at org.apache.maven.surefire.booter.ForkedBooter.run(ForkedBooter.java:507)
	at org.apache.maven.surefire.booter.ForkedBooter.main(ForkedBooter.java:495)
</pre></div></td>
<td>0</td>
<td>tests.LoginTests@7bbc8656</td></tr>
</table><p>
<table width='100%' border='1' class='invocation-passed'>
<tr><td colspan='4' align='center'><b>PASSED TESTS</b></td></tr>
<tr><td><b>Test method</b></td>
<td><b>Attribute(s)</b></td>
<td width="30%"><b>Exception</b></td>
<td width="10%"><b>Time (seconds)</b></td>
<td><b>Instance</b></td>
</tr>
<tr>
<td title='tests.LoginTests.invalidLoginTest()'><b>invalidLoginTest</b><br>Test class: tests.LoginTests<br/>
<a href="#Output-1370494288" onClick='toggleBox("Output-1370494288", this, "Show output", "Hide output");'>Show output</a>

<a href="#Output-1370494288" onClick="toggleAllBoxes();">Show all outputs</a>
<div class='log' id="Output-1370494288">
Invalid login test executed successfully<br/>
</div>
</td>
<td></td>
<td>1</td>
<td>tests.LoginTests@7bbc8656</td></tr>
<tr>
<td title='tests.LoginTests.loginWithoutPasswordTest()'><b>loginWithoutPasswordTest</b><br>Test class: tests.LoginTests<br/>
<a href="#Output-769342184" onClick='toggleBox("Output-769342184", this, "Show output", "Hide output");'>Show output</a>

<a href="#Output-769342184" onClick="toggleAllBoxes();">Show all outputs</a>
<div class='log' id="Output-769342184">
Login without password test executed successfully<br/>
</div>
</td>
<td></td>
<td>1</td>
<td>tests.LoginTests@7bbc8656</td></tr>
<tr>
<td title='tests.LoginTestsDD.loginTest()'><b>loginTest</b><br>Test class: tests.LoginTestsDD<br>Parameters: TC03, akash@gmail.com, Pass@098</td>
<td></td>
<td>1</td>
<td>tests.LoginTestsDD@626abbd0</td></tr>
<tr>
<td title='tests.AddProductToCartTest.addProductToCart()'><b>addProductToCart</b><br>Test class: tests.AddProductToCartTest<br/>
<a href="#Output-1651923692" onClick='toggleBox("Output-1651923692", this, "Show output", "Hide output");'>Show output</a>

<a href="#Output-1651923692" onClick="toggleAllBoxes();">Show all outputs</a>
<div class='log' id="Output-1651923692">
AddProductToCartTest executed successfully<br/>
</div>
</td>
<td></td>
<td>4</td>
<td>tests.AddProductToCartTest@7d3e8655</td></tr>
<tr>
<td title='tests.SearchValidProductTest.searchValidProduct()'><b>searchValidProduct</b><br>Test class: tests.SearchValidProductTest<br/>
<a href="#Output-1792109661" onClick='toggleBox("Output-1792109661", this, "Show output", "Hide output");'>Show output</a>

<a href="#Output-1792109661" onClick="toggleAllBoxes();">Show all outputs</a>
<div class='log' id="Output-1792109661">
SearchvalidProductTest executed successfully<br/>
</div>
</td>
<td></td>
<td>1</td>
<td>tests.SearchValidProductTest@1b919693</td></tr>
<tr>
<td title='tests.SearchInvalidProductTest.searchInvalidProduct()'><b>searchInvalidProduct</b><br>Test class: tests.SearchInvalidProductTest<br/>
<a href="#Output-1123573668" onClick='toggleBox("Output-1123573668", this, "Show output", "Hide output");'>Show output</a>

<a href="#Output-1123573668" onClick="toggleAllBoxes();">Show all outputs</a>
<div class='log' id="Output-1123573668">
SearchInvalidProductTest executed successfully<br/>
</div>
</td>
<td></td>
<td>11</td>
<td>tests.SearchInvalidProductTest@6933b6c6</td></tr>
<tr>
<td title='tests.LoginTestsDD.loginTest()'><b>loginTest</b><br>Test class: tests.LoginTestsDD<br>Parameters: TC01, harshitham1732001@gmail.com, Test@1234</td>
<td></td>
<td>12</td>
<td>tests.LoginTestsDD@626abbd0</td></tr>
<tr>
<td title='tests.LoginTestsDD.loginTest()'><b>loginTest</b><br>Test class: tests.LoginTestsDD<br>Parameters: TC02, harshi@gmail.com, Pass@1234</td>
<td></td>
<td>1</td>
<td>tests.LoginTestsDD@626abbd0</td></tr>
</table><p>
</body>
</html>