<?xml version="1.0" encoding="UTF-8"?>
<!-- Generated by org.testng.reporters.JUnitXMLReporter -->
<testsuite ignored="0" hostname="DESKTOP-G5RB1P7" failures="2" tests="10" name="Test" time="74.798" errors="0" timestamp="2026-01-03T16:55:29 IST">
  <testcase classname="tests.SearchValidProductTest" name="searchValidProduct" time="1.595"/>
  <testcase classname="tests.LoginTests" name="invalidLoginTest" time="1.591"/>
  <testcase classname="tests.LoginTests" name="loginWithoutPasswordTest" time="1.283"/>
  <testcase classname="tests.LoginTests" name="validLoginTest" time="0.937">
    <failure type="java.lang.AssertionError" message="User should be redirected to My Account page expected [true] but found [false]">
      <![CDATA[java.lang.AssertionError: User should be redirected to My Account page expected [true] but found [false]
at tests.LoginTests.validLoginTest(LoginTests.java:28)
at java.base/java.util.ArrayList.forEach(ArrayList.java:1596)
... Removed 32 stack frames]]>
    </failure>
  </testcase> <!-- validLoginTest -->
  <testcase classname="tests.SearchInvalidProductTest" name="searchInvalidProduct" time="11.261"/>
  <testcase classname="tests.AddProductToCartTest" name="addProductToCart" time="4.147"/>
  <testcase classname="tests.AddProductToWishlistTest" name="addProductToWishlist" time="13.59">
    <failure type="java.lang.AssertionError" message="Wishlist message not displayed correctly expected [true] but found [false]">
      <![CDATA[java.lang.AssertionError: Wishlist message not displayed correctly expected [true] but found [false]
at tests.AddProductToWishlistTest.addProductToWishlist(AddProductToWishlistTest.java:21)
at java.base/java.util.ArrayList.forEach(ArrayList.java:1596)
... Removed 32 stack frames]]>
    </failure>
  </testcase> <!-- addProductToWishlist -->
  <testcase classname="tests.LoginTestsDD" name="loginTest" time="12.282"/>
  <testcase classname="tests.LoginTestsDD" name="loginTest" time="1.208"/>
  <testcase classname="tests.LoginTestsDD" name="loginTest" time="1.537"/>
</testsuite> <!-- Test -->
