<?xml version="1.0" encoding="UTF-8"?>
<!-- Generated by org.testng.reporters.JUnitXMLReporter -->
<testsuite ignored="0" hostname="DESKTOP-G5RB1P7" failures="1" tests="1" name="Test(failed)" time="19.046" errors="0" timestamp="2026-01-03T15:35:44 IST">
  <testcase classname="tests.AddProductToWishlistTest" name="addProductToWishlist" time="13.245">
    <failure type="java.lang.AssertionError" message="Wishlist message not displayed correctly expected [true] but found [false]">
      <![CDATA[java.lang.AssertionError: Wishlist message not displayed correctly expected [true] but found [false]
at tests.AddProductToWishlistTest.addProductToWishlist(AddProductToWishlistTest.java:21)
at java.base/java.util.ArrayList.forEach(ArrayList.java:1511)
... Removed 30 stack frames]]>
    </failure>
  </testcase> <!-- addProductToWishlist -->
</testsuite> <!-- Test(failed) -->
