<?xml version="1.0" encoding="UTF-8"?>
<testng-results ignored="0" total="10" passed="8" failed="2" skipped="0">
  <reporter-output>
    <line>
      <![CDATA[SearchvalidProductTest executed successfully]]>
    </line>
    <line>
      <![CDATA[Invalid login test executed successfully]]>
    </line>
    <line>
      <![CDATA[Login without password test executed successfully]]>
    </line>
    <line>
      <![CDATA[SearchInvalidProductTest executed successfully]]>
    </line>
    <line>
      <![CDATA[AddProductToCartTest executed successfully]]>
    </line>
  </reporter-output>
  <suite started-at="2026-01-03T16:54:13 IST" name="suite" finished-at="2026-01-03T16:55:28 IST" duration-ms="74798">
    <groups>
    </groups>
    <test started-at="2026-01-03T16:54:13 IST" name="Test" finished-at="2026-01-03T16:55:28 IST" duration-ms="74798">
      <class name="tests.LoginTestsDD">
        <test-method is-config="true" signature="setup(java.lang.String)[pri:0, instance:tests.LoginTestsDD@626abbd0]" started-at="2026-01-03T16:55:07 IST" name="setup" finished-at="2026-01-03T16:55:10 IST" duration-ms="2651" status="PASS">
          <params>
            <param index="0">
              <value>
                <![CDATA[chrome]]>
              </value>
            </param>
          </params>
          <reporter-output>
          </reporter-output>
        </test-method> <!-- setup -->
        <test-method is-config="true" signature="setupTest()[pri:0, instance:tests.LoginTestsDD@626abbd0]" started-at="2026-01-03T16:55:11 IST" name="setupTest" finished-at="2026-01-03T16:55:12 IST" duration-ms="462" status="PASS">
          <reporter-output>
          </reporter-output>
        </test-method> <!-- setupTest -->
        <test-method signature="loginTest(java.lang.String,java.lang.String,java.lang.String)[pri:0, instance:tests.LoginTestsDD@626abbd0]" started-at="2026-01-03T16:55:12 IST" name="loginTest" data-provider="loginData" finished-at="2026-01-03T16:55:24 IST" duration-ms="12282" status="PASS">
          <params>
            <param index="0">
              <value>
                <![CDATA[TC01]]>
              </value>
            </param>
            <param index="1">
              <value>
                <![CDATA[harshitham1732001@gmail.com]]>
              </value>
            </param>
            <param index="2">
              <value>
                <![CDATA[Test@1234]]>
              </value>
            </param>
          </params>
          <reporter-output>
          </reporter-output>
        </test-method> <!-- loginTest -->
        <test-method is-config="true" signature="setupTest()[pri:0, instance:tests.LoginTestsDD@626abbd0]" started-at="2026-01-03T16:55:24 IST" name="setupTest" finished-at="2026-01-03T16:55:24 IST" duration-ms="397" status="PASS">
          <reporter-output>
          </reporter-output>
        </test-method> <!-- setupTest -->
        <test-method signature="loginTest(java.lang.String,java.lang.String,java.lang.String)[pri:0, instance:tests.LoginTestsDD@626abbd0]" started-at="2026-01-03T16:55:24 IST" name="loginTest" data-provider="loginData" finished-at="2026-01-03T16:55:26 IST" duration-ms="1208" status="PASS">
          <params>
            <param index="0">
              <value>
                <![CDATA[TC02]]>
              </value>
            </param>
            <param index="1">
              <value>
                <![CDATA[harshi@gmail.com]]>
              </value>
            </param>
            <param index="2">
              <value>
                <![CDATA[Pass@1234]]>
              </value>
            </param>
          </params>
          <reporter-output>
          </reporter-output>
        </test-method> <!-- loginTest -->
        <test-method is-config="true" signature="setupTest()[pri:0, instance:tests.LoginTestsDD@626abbd0]" started-at="2026-01-03T16:55:26 IST" name="setupTest" finished-at="2026-01-03T16:55:26 IST" duration-ms="301" status="PASS">
          <reporter-output>
          </reporter-output>
        </test-method> <!-- setupTest -->
        <test-method signature="loginTest(java.lang.String,java.lang.String,java.lang.String)[pri:0, instance:tests.LoginTestsDD@626abbd0]" started-at="2026-01-03T16:55:26 IST" name="loginTest" data-provider="loginData" finished-at="2026-01-03T16:55:28 IST" duration-ms="1537" status="PASS">
          <params>
            <param index="0">
              <value>
                <![CDATA[TC03]]>
              </value>
            </param>
            <param index="1">
              <value>
                <![CDATA[akash@gmail.com]]>
              </value>
            </param>
            <param index="2">
              <value>
                <![CDATA[Pass@098]]>
              </value>
            </param>
          </params>
          <reporter-output>
          </reporter-output>
        </test-method> <!-- loginTest -->
        <test-method is-config="true" signature="tearDown()[pri:0, instance:tests.LoginTestsDD@626abbd0]" started-at="2026-01-03T16:55:28 IST" name="tearDown" finished-at="2026-01-03T16:55:28 IST" duration-ms="508" status="PASS">
          <reporter-output>
          </reporter-output>
        </test-method> <!-- tearDown -->
      </class> <!-- tests.LoginTestsDD -->
      <class name="tests.LoginTests">
        <test-method is-config="true" signature="setup(java.lang.String)[pri:0, instance:tests.LoginTests@7bbc8656]" started-at="2026-01-03T16:54:20 IST" name="setup" finished-at="2026-01-03T16:54:23 IST" duration-ms="2594" status="PASS">
          <params>
            <param index="0">
              <value>
                <![CDATA[chrome]]>
              </value>
            </param>
          </params>
          <reporter-output>
          </reporter-output>
        </test-method> <!-- setup -->
        <test-method is-config="true" signature="setupTest()[pri:0, instance:tests.LoginTests@7bbc8656]" started-at="2026-01-03T16:54:23 IST" name="setupTest" finished-at="2026-01-03T16:54:23 IST" duration-ms="663" status="PASS">
          <reporter-output>
          </reporter-output>
        </test-method> <!-- setupTest -->
        <test-method signature="invalidLoginTest()[pri:0, instance:tests.LoginTests@7bbc8656]" started-at="2026-01-03T16:54:23 IST" name="invalidLoginTest" finished-at="2026-01-03T16:54:25 IST" duration-ms="1591" status="PASS">
          <reporter-output>
            <line>
              <![CDATA[Invalid login test executed successfully]]>
            </line>
          </reporter-output>
        </test-method> <!-- invalidLoginTest -->
        <test-method is-config="true" signature="setupTest()[pri:0, instance:tests.LoginTests@7bbc8656]" started-at="2026-01-03T16:54:25 IST" name="setupTest" finished-at="2026-01-03T16:54:25 IST" duration-ms="292" status="PASS">
          <reporter-output>
          </reporter-output>
        </test-method> <!-- setupTest -->
        <test-method signature="loginWithoutPasswordTest()[pri:0, instance:tests.LoginTests@7bbc8656]" started-at="2026-01-03T16:54:25 IST" name="loginWithoutPasswordTest" finished-at="2026-01-03T16:54:27 IST" duration-ms="1283" status="PASS">
          <reporter-output>
            <line>
              <![CDATA[Login without password test executed successfully]]>
            </line>
          </reporter-output>
        </test-method> <!-- loginWithoutPasswordTest -->
        <test-method is-config="true" signature="setupTest()[pri:0, instance:tests.LoginTests@7bbc8656]" started-at="2026-01-03T16:54:27 IST" name="setupTest" finished-at="2026-01-03T16:54:27 IST" duration-ms="250" status="PASS">
          <reporter-output>
          </reporter-output>
        </test-method> <!-- setupTest -->
        <test-method signature="validLoginTest()[pri:0, instance:tests.LoginTests@7bbc8656]" started-at="2026-01-03T16:54:27 IST" name="validLoginTest" finished-at="2026-01-03T16:54:28 IST" duration-ms="937" status="FAIL">
          <exception class="java.lang.AssertionError">
            <message>
              <![CDATA[User should be redirected to My Account page expected [true] but found [false]]]>
            </message>
            <full-stacktrace>
              <![CDATA[java.lang.AssertionError: User should be redirected to My Account page expected [true] but found [false]
at org.testng.Assert.fail(Assert.java:111)
at org.testng.Assert.failNotEquals(Assert.java:1578)
at org.testng.Assert.assertTrue(Assert.java:57)
at tests.LoginTests.validLoginTest(LoginTests.java:28)
at java.base/jdk.internal.reflect.DirectMethodHandleAccessor.invoke(DirectMethodHandleAccessor.java:103)
at java.base/java.lang.reflect.Method.invoke(Method.java:580)
at org.testng.internal.invokers.MethodInvocationHelper.invokeMethod(MethodInvocationHelper.java:141)
at org.testng.internal.invokers.TestInvoker.invokeMethod(TestInvoker.java:686)
at org.testng.internal.invokers.TestInvoker.invokeTestMethod(TestInvoker.java:230)
at org.testng.internal.invokers.MethodRunner.runInSequence(MethodRunner.java:63)
at org.testng.internal.invokers.TestInvoker$MethodInvocationAgent.invoke(TestInvoker.java:992)
at org.testng.internal.invokers.TestInvoker.invokeTestMethods(TestInvoker.java:203)
at org.testng.internal.invokers.TestMethodWorker.invokeTestMethods(TestMethodWorker.java:154)
at org.testng.internal.invokers.TestMethodWorker.run(TestMethodWorker.java:134)
at java.base/java.util.ArrayList.forEach(ArrayList.java:1596)
at org.testng.TestRunner.privateRun(TestRunner.java:739)
at org.testng.TestRunner.run(TestRunner.java:614)
at org.testng.SuiteRunner.runTest(SuiteRunner.java:421)
at org.testng.SuiteRunner.runSequentially(SuiteRunner.java:413)
at org.testng.SuiteRunner.privateRun(SuiteRunner.java:373)
at org.testng.SuiteRunner.run(SuiteRunner.java:312)
at org.testng.SuiteRunnerWorker.runSuite(SuiteRunnerWorker.java:52)
at org.testng.SuiteRunnerWorker.run(SuiteRunnerWorker.java:95)
at org.testng.TestNG.runSuitesSequentially(TestNG.java:1274)
at org.testng.TestNG.runSuitesLocally(TestNG.java:1208)
at org.testng.TestNG.runSuites(TestNG.java:1112)
at org.testng.TestNG.run(TestNG.java:1079)
at org.apache.maven.surefire.testng.TestNGExecutor.run(TestNGExecutor.java:308)
at org.apache.maven.surefire.testng.TestNGXmlTestSuite.execute(TestNGXmlTestSuite.java:71)
at org.apache.maven.surefire.testng.TestNGProvider.invoke(TestNGProvider.java:113)
at org.apache.maven.surefire.booter.ForkedBooter.runSuitesInProcess(ForkedBooter.java:385)
at org.apache.maven.surefire.booter.ForkedBooter.execute(ForkedBooter.java:162)
at org.apache.maven.surefire.booter.ForkedBooter.run(ForkedBooter.java:507)
at org.apache.maven.surefire.booter.ForkedBooter.main(ForkedBooter.java:495)
]]>
            </full-stacktrace>
          </exception> <!-- java.lang.AssertionError -->
          <reporter-output>
          </reporter-output>
        </test-method> <!-- validLoginTest -->
        <test-method is-config="true" signature="tearDown()[pri:0, instance:tests.LoginTests@7bbc8656]" started-at="2026-01-03T16:54:28 IST" name="tearDown" finished-at="2026-01-03T16:54:28 IST" duration-ms="380" status="PASS">
          <reporter-output>
          </reporter-output>
        </test-method> <!-- tearDown -->
      </class> <!-- tests.LoginTests -->
      <class name="tests.AddProductToWishlistTest">
        <test-method is-config="true" signature="setup(java.lang.String)[pri:0, instance:tests.AddProductToWishlistTest@7dfb0c0f]" started-at="2026-01-03T16:54:51 IST" name="setup" finished-at="2026-01-03T16:54:53 IST" duration-ms="2408" status="PASS">
          <params>
            <param index="0">
              <value>
                <![CDATA[chrome]]>
              </value>
            </param>
          </params>
          <reporter-output>
          </reporter-output>
        </test-method> <!-- setup -->
        <test-method signature="addProductToWishlist()[pri:0, instance:tests.AddProductToWishlistTest@7dfb0c0f]" started-at="2026-01-03T16:54:53 IST" name="addProductToWishlist" finished-at="2026-01-03T16:55:07 IST" duration-ms="13590" status="FAIL">
          <exception class="java.lang.AssertionError">
            <message>
              <![CDATA[Wishlist message not displayed correctly expected [true] but found [false]]]>
            </message>
            <full-stacktrace>
              <![CDATA[java.lang.AssertionError: Wishlist message not displayed correctly expected [true] but found [false]
at org.testng.Assert.fail(Assert.java:111)
at org.testng.Assert.failNotEquals(Assert.java:1578)
at org.testng.Assert.assertTrue(Assert.java:57)
at tests.AddProductToWishlistTest.addProductToWishlist(AddProductToWishlistTest.java:21)
at java.base/jdk.internal.reflect.DirectMethodHandleAccessor.invoke(DirectMethodHandleAccessor.java:103)
at java.base/java.lang.reflect.Method.invoke(Method.java:580)
at org.testng.internal.invokers.MethodInvocationHelper.invokeMethod(MethodInvocationHelper.java:141)
at org.testng.internal.invokers.TestInvoker.invokeMethod(TestInvoker.java:686)
at org.testng.internal.invokers.TestInvoker.invokeTestMethod(TestInvoker.java:230)
at org.testng.internal.invokers.MethodRunner.runInSequence(MethodRunner.java:63)
at org.testng.internal.invokers.TestInvoker$MethodInvocationAgent.invoke(TestInvoker.java:992)
at org.testng.internal.invokers.TestInvoker.invokeTestMethods(TestInvoker.java:203)
at org.testng.internal.invokers.TestMethodWorker.invokeTestMethods(TestMethodWorker.java:154)
at org.testng.internal.invokers.TestMethodWorker.run(TestMethodWorker.java:134)
at java.base/java.util.ArrayList.forEach(ArrayList.java:1596)
at org.testng.TestRunner.privateRun(TestRunner.java:739)
at org.testng.TestRunner.run(TestRunner.java:614)
at org.testng.SuiteRunner.runTest(SuiteRunner.java:421)
at org.testng.SuiteRunner.runSequentially(SuiteRunner.java:413)
at org.testng.SuiteRunner.privateRun(SuiteRunner.java:373)
at org.testng.SuiteRunner.run(SuiteRunner.java:312)
at org.testng.SuiteRunnerWorker.runSuite(SuiteRunnerWorker.java:52)
at org.testng.SuiteRunnerWorker.run(SuiteRunnerWorker.java:95)
at org.testng.TestNG.runSuitesSequentially(TestNG.java:1274)
at org.testng.TestNG.runSuitesLocally(TestNG.java:1208)
at org.testng.TestNG.runSuites(TestNG.java:1112)
at org.testng.TestNG.run(TestNG.java:1079)
at org.apache.maven.surefire.testng.TestNGExecutor.run(TestNGExecutor.java:308)
at org.apache.maven.surefire.testng.TestNGXmlTestSuite.execute(TestNGXmlTestSuite.java:71)
at org.apache.maven.surefire.testng.TestNGProvider.invoke(TestNGProvider.java:113)
at org.apache.maven.surefire.booter.ForkedBooter.runSuitesInProcess(ForkedBooter.java:385)
at org.apache.maven.surefire.booter.ForkedBooter.execute(ForkedBooter.java:162)
at org.apache.maven.surefire.booter.ForkedBooter.run(ForkedBooter.java:507)
at org.apache.maven.surefire.booter.ForkedBooter.main(ForkedBooter.java:495)
]]>
            </full-stacktrace>
          </exception> <!-- java.lang.AssertionError -->
          <reporter-output>
          </reporter-output>
        </test-method> <!-- addProductToWishlist -->
        <test-method is-config="true" signature="tearDown()[pri:0, instance:tests.AddProductToWishlistTest@7dfb0c0f]" started-at="2026-01-03T16:55:07 IST" name="tearDown" finished-at="2026-01-03T16:55:07 IST" duration-ms="423" status="PASS">
          <reporter-output>
          </reporter-output>
        </test-method> <!-- tearDown -->
      </class> <!-- tests.AddProductToWishlistTest -->
      <class name="tests.AddProductToCartTest">
        <test-method is-config="true" signature="setup(java.lang.String)[pri:0, instance:tests.AddProductToCartTest@7d3e8655]" started-at="2026-01-03T16:54:44 IST" name="setup" finished-at="2026-01-03T16:54:46 IST" duration-ms="2559" status="PASS">
          <params>
            <param index="0">
              <value>
                <![CDATA[chrome]]>
              </value>
            </param>
          </params>
          <reporter-output>
          </reporter-output>
        </test-method> <!-- setup -->
        <test-method signature="addProductToCart()[pri:0, instance:tests.AddProductToCartTest@7d3e8655]" started-at="2026-01-03T16:54:46 IST" name="addProductToCart" finished-at="2026-01-03T16:54:50 IST" duration-ms="4147" status="PASS">
          <reporter-output>
            <line>
              <![CDATA[AddProductToCartTest executed successfully]]>
            </line>
          </reporter-output>
        </test-method> <!-- addProductToCart -->
        <test-method is-config="true" signature="tearDown()[pri:0, instance:tests.AddProductToCartTest@7d3e8655]" started-at="2026-01-03T16:54:50 IST" name="tearDown" finished-at="2026-01-03T16:54:51 IST" duration-ms="394" status="PASS">
          <reporter-output>
          </reporter-output>
        </test-method> <!-- tearDown -->
      </class> <!-- tests.AddProductToCartTest -->
      <class name="tests.SearchValidProductTest">
        <test-method is-config="true" signature="setup(java.lang.String)[pri:0, instance:tests.SearchValidProductTest@1b919693]" started-at="2026-01-03T16:54:13 IST" name="setup" finished-at="2026-01-03T16:54:18 IST" duration-ms="4816" status="PASS">
          <params>
            <param index="0">
              <value>
                <![CDATA[chrome]]>
              </value>
            </param>
          </params>
          <reporter-output>
          </reporter-output>
        </test-method> <!-- setup -->
        <test-method signature="searchValidProduct()[pri:0, instance:tests.SearchValidProductTest@1b919693]" started-at="2026-01-03T16:54:18 IST" name="searchValidProduct" finished-at="2026-01-03T16:54:20 IST" duration-ms="1595" status="PASS">
          <reporter-output>
            <line>
              <![CDATA[SearchvalidProductTest executed successfully]]>
            </line>
          </reporter-output>
        </test-method> <!-- searchValidProduct -->
        <test-method is-config="true" signature="tearDown()[pri:0, instance:tests.SearchValidProductTest@1b919693]" started-at="2026-01-03T16:54:20 IST" name="tearDown" finished-at="2026-01-03T16:54:20 IST" duration-ms="457" status="PASS">
          <reporter-output>
          </reporter-output>
        </test-method> <!-- tearDown -->
      </class> <!-- tests.SearchValidProductTest -->
      <class name="tests.SearchInvalidProductTest">
        <test-method is-config="true" signature="setup(java.lang.String)[pri:0, instance:tests.SearchInvalidProductTest@6933b6c6]" started-at="2026-01-03T16:54:28 IST" name="setup" finished-at="2026-01-03T16:54:31 IST" duration-ms="2642" status="PASS">
          <params>
            <param index="0">
              <value>
                <![CDATA[chrome]]>
              </value>
            </param>
          </params>
          <reporter-output>
          </reporter-output>
        </test-method> <!-- setup -->
        <test-method signature="searchInvalidProduct()[pri:0, instance:tests.SearchInvalidProductTest@6933b6c6]" started-at="2026-01-03T16:54:31 IST" name="searchInvalidProduct" finished-at="2026-01-03T16:54:42 IST" duration-ms="11261" status="PASS">
          <reporter-output>
            <line>
              <![CDATA[SearchInvalidProductTest executed successfully]]>
            </line>
          </reporter-output>
        </test-method> <!-- searchInvalidProduct -->
        <test-method is-config="true" signature="tearDown()[pri:0, instance:tests.SearchInvalidProductTest@6933b6c6]" started-at="2026-01-03T16:54:42 IST" name="tearDown" finished-at="2026-01-03T16:54:44 IST" duration-ms="1354" status="PASS">
          <reporter-output>
          </reporter-output>
        </test-method> <!-- tearDown -->
      </class> <!-- tests.SearchInvalidProductTest -->
    </test> <!-- Test -->
  </suite> <!-- suite -->
</testng-results>
