<?xml version="1.0" encoding="UTF-8"?>
<testng-results ignored="0" total="3" passed="3" failed="0" skipped="0">
  <reporter-output>
    <line>
      <![CDATA[Invalid login test executed successfully]]>
    </line>
    <line>
      <![CDATA[Login without password test executed successfully]]>
    </line>
    <line>
      <![CDATA[Valid login test executed successfully]]>
    </line>
  </reporter-output>
  <suite started-at="2026-01-03T17:07:21 IST" name="Default suite" finished-at="2026-01-03T17:07:34 IST" duration-ms="13117">
    <groups>
    </groups>
    <test started-at="2026-01-03T17:07:21 IST" name="Default test" finished-at="2026-01-03T17:07:34 IST" duration-ms="13117">
      <class name="tests.LoginTests">
        <test-method is-config="true" signature="setup(java.lang.String)[pri:0, instance:tests.LoginTests@4082ba93]" started-at="2026-01-03T17:07:21 IST" name="setup" finished-at="2026-01-03T17:07:27 IST" duration-ms="6051" status="PASS">
          <params>
            <param index="0">
              <value>
                <![CDATA[chrome]]>
              </value>
            </param>
          </params>
          <reporter-output>
          </reporter-output>
        </test-method> <!-- setup -->
        <test-method is-config="true" signature="setupTest()[pri:0, instance:tests.LoginTests@4082ba93]" started-at="2026-01-03T17:07:27 IST" name="setupTest" finished-at="2026-01-03T17:07:27 IST" duration-ms="474" status="PASS">
          <reporter-output>
          </reporter-output>
        </test-method> <!-- setupTest -->
        <test-method signature="invalidLoginTest()[pri:0, instance:tests.LoginTests@4082ba93]" started-at="2026-01-03T17:07:27 IST" name="invalidLoginTest" finished-at="2026-01-03T17:07:29 IST" duration-ms="1965" status="PASS">
          <reporter-output>
            <line>
              <![CDATA[Invalid login test executed successfully]]>
            </line>
          </reporter-output>
        </test-method> <!-- invalidLoginTest -->
        <test-method is-config="true" signature="setupTest()[pri:0, instance:tests.LoginTests@4082ba93]" started-at="2026-01-03T17:07:29 IST" name="setupTest" finished-at="2026-01-03T17:07:29 IST" duration-ms="250" status="PASS">
          <reporter-output>
          </reporter-output>
        </test-method> <!-- setupTest -->
        <test-method signature="loginWithoutPasswordTest()[pri:0, instance:tests.LoginTests@4082ba93]" started-at="2026-01-03T17:07:29 IST" name="loginWithoutPasswordTest" finished-at="2026-01-03T17:07:31 IST" duration-ms="1482" status="PASS">
          <reporter-output>
            <line>
              <![CDATA[Login without password test executed successfully]]>
            </line>
          </reporter-output>
        </test-method> <!-- loginWithoutPasswordTest -->
        <test-method is-config="true" signature="setupTest()[pri:0, instance:tests.LoginTests@4082ba93]" started-at="2026-01-03T17:07:31 IST" name="setupTest" finished-at="2026-01-03T17:07:31 IST" duration-ms="319" status="PASS">
          <reporter-output>
          </reporter-output>
        </test-method> <!-- setupTest -->
        <test-method signature="validLoginTest()[pri:0, instance:tests.LoginTests@4082ba93]" started-at="2026-01-03T17:07:31 IST" name="validLoginTest" finished-at="2026-01-03T17:07:33 IST" duration-ms="1822" status="PASS">
          <reporter-output>
            <line>
              <![CDATA[Valid login test executed successfully]]>
            </line>
          </reporter-output>
        </test-method> <!-- validLoginTest -->
        <test-method is-config="true" signature="tearDown()[pri:0, instance:tests.LoginTests@4082ba93]" started-at="2026-01-03T17:07:33 IST" name="tearDown" finished-at="2026-01-03T17:07:34 IST" duration-ms="566" status="PASS">
          <reporter-output>
          </reporter-output>
        </test-method> <!-- tearDown -->
      </class> <!-- tests.LoginTests -->
    </test> <!-- Default test -->
  </suite> <!-- Default suite -->
</testng-results>
