<?xml version="1.0" encoding="UTF-8"?>
<testng-results ignored="0" total="1" passed="1" failed="0" skipped="0">
  <reporter-output>
    <line>
      <![CDATA[AddProductToWishlistTest executed successfully]]>
    </line>
  </reporter-output>
  <suite started-at="2026-01-03T19:47:14 IST" name="Default suite" finished-at="2026-01-03T19:47:26 IST" duration-ms="11524">
    <groups>
    </groups>
    <test started-at="2026-01-03T19:47:14 IST" name="Default test" finished-at="2026-01-03T19:47:26 IST" duration-ms="11524">
      <class name="tests.AddProductToWishlistTest">
        <test-method is-config="true" signature="setup(java.lang.String)[pri:0, instance:tests.AddProductToWishlistTest@247310d0]" started-at="2026-01-03T19:47:14 IST" name="setup" finished-at="2026-01-03T19:47:21 IST" duration-ms="6599" status="PASS">
          <params>
            <param index="0">
              <value>
                <![CDATA[chrome]]>
              </value>
            </param>
          </params>
          <reporter-output>
          </reporter-output>
        </test-method> <!-- setup -->
        <test-method signature="addProductToWishlist()[pri:0, instance:tests.AddProductToWishlistTest@247310d0]" started-at="2026-01-03T19:47:21 IST" name="addProductToWishlist" finished-at="2026-01-03T19:47:25 IST" duration-ms="4197" status="PASS">
          <reporter-output>
            <line>
              <![CDATA[AddProductToWishlistTest executed successfully]]>
            </line>
          </reporter-output>
        </test-method> <!-- addProductToWishlist -->
        <test-method is-config="true" signature="tearDown()[pri:0, instance:tests.AddProductToWishlistTest@247310d0]" started-at="2026-01-03T19:47:25 IST" name="tearDown" finished-at="2026-01-03T19:47:26 IST" duration-ms="559" status="PASS">
          <reporter-output>
          </reporter-output>
        </test-method> <!-- tearDown -->
      </class> <!-- tests.AddProductToWishlistTest -->
    </test> <!-- Default test -->
  </suite> <!-- Default suite -->
</testng-results>
