<?xml version="1.0" encoding="UTF-8"?>
<!-- Generated by org.testng.reporters.JUnitReportReporter -->
<testsuite hostname="DESKTOP-G5RB1P7" failures="0" tests="3" name="tests.LoginTests" time="6.312" errors="0" timestamp="2026-01-03T17:07:34 IST" skipped="0">
  <testcase classname="tests.LoginTests" name="loginWithoutPasswordTest" time="1.956">
    <system-out>
      <![CDATA[Login without password test executed successfully]]>
    </system-out>
  </testcase> <!-- loginWithoutPasswordTest -->
  <testcase classname="tests.LoginTests" name="validLoginTest" time="2.072">
    <system-out>
      <![CDATA[Valid login test executed successfully]]>
    </system-out>
  </testcase> <!-- validLoginTest -->
  <testcase classname="tests.LoginTests" name="invalidLoginTest" time="2.284">
    <system-out>
      <![CDATA[Invalid login test executed successfully]]>
    </system-out>
  </testcase> <!-- invalidLoginTest -->
  <system-out>
    <![CDATA[Invalid login test executed successfully
Login without password test executed successfully
Valid login test executed successfully]]>
  </system-out>
</testsuite> <!-- tests.LoginTests -->
