<?xml version="1.0" encoding="UTF-8"?>
<!-- Generated by org.testng.reporters.JUnitReportReporter -->
<testsuite hostname="DESKTOP-G5RB1P7" failures="0" tests="1" name="tests.AddProductToCartTest" time="4.056" errors="0" timestamp="2026-01-03T15:32:15 IST" skipped="0">
  <testcase classname="tests.AddProductToCartTest" name="addProductToCart" time="4.056">
    <system-out>
      <![CDATA[AddProductToCartTest executed successfully]]>
    </system-out>
  </testcase> <!-- addProductToCart -->
  <system-out>
    <![CDATA[SearchvalidProductTest executed successfully
Invalid login test executed successfully
Login without password test executed successfully
Valid login test executed successfully
SearchInvalidProductTest executed successfully
AddProductToCartTest executed successfully]]>
  </system-out>
</testsuite> <!-- tests.AddProductToCartTest -->
