<?xml version="1.0" encoding="UTF-8"?>
<!-- Generated by org.testng.reporters.JUnitReportReporter -->
<testsuite hostname="DESKTOP-G5RB1P7" failures="0" tests="1" name="tests.AddProductToWishlistTest" time="4.197" errors="0" timestamp="2026-01-03T19:47:26 IST" skipped="0">
  <testcase classname="tests.AddProductToWishlistTest" name="addProductToWishlist" time="4.197">
    <system-out>
      <![CDATA[AddProductToWishlistTest executed successfully]]>
    </system-out>
  </testcase> <!-- addProductToWishlist -->
  <system-out>
    <![CDATA[AddProductToWishlistTest executed successfully]]>
  </system-out>
</testsuite> <!-- tests.AddProductToWishlistTest -->
