<?xml version="1.0" encoding="UTF-8"?>
<!-- Generated by org.testng.reporters.JUnitReportReporter -->
<testsuite hostname="DESKTOP-G5RB1P7" failures="0" tests="3" name="tests.LoginTestsDD" time="16.187" errors="0" timestamp="2026-01-03T16:55:29 IST" skipped="0">
  <testcase classname="tests.LoginTestsDD" name="loginTest" time="1.999"/>
  <testcase classname="tests.LoginTestsDD" name="loginTest" time="12.583"/>
  <testcase classname="tests.LoginTestsDD" name="loginTest" time="1.605"/>
  <system-out>
    <![CDATA[SearchvalidProductTest executed successfully
Invalid login test executed successfully
Login without password test executed successfully
SearchInvalidProductTest executed successfully
AddProductToCartTest executed successfully]]>
  </system-out>
</testsuite> <!-- tests.LoginTestsDD -->
