<?xml version="1.0" encoding="UTF-8"?>
<!-- Generated by org.testng.reporters.JUnitReportReporter -->
<testsuite hostname="DESKTOP-G5RB1P7" failures="0" tests="1" name="tests.SearchValidProductTest" time="1.595" errors="0" timestamp="2026-01-03T16:55:29 IST" skipped="0">
  <testcase classname="tests.SearchValidProductTest" name="searchValidProduct" time="1.595">
    <system-out>
      <![CDATA[SearchvalidProductTest executed successfully]]>
    </system-out>
  </testcase> <!-- searchValidProduct -->
  <system-out>
    <![CDATA[SearchvalidProductTest executed successfully
Invalid login test executed successfully
Login without password test executed successfully
SearchInvalidProductTest executed successfully
AddProductToCartTest executed successfully]]>
  </system-out>
</testsuite> <!-- tests.SearchValidProductTest -->
